Mar 12 14:15:24  upsdaemon: Polling started
Mar 12 14:15:49  upsdaemon: UPSOuputOff added
Mar 12 14:15:49  upsdaemon: UPSSystemOFF added
Mar 12 14:16:58  upsdaemon: UPSSystemOFF removed
Mar 12 14:17:00  upsdaemon: UPSOuputOff removed
Mar 12 14:17:14  upsdaemon: UPSOuputOff added
Mar 12 14:17:14  upsdaemon: UPSSystemOFF added
Mar 12 14:19:34  upsdaemon: Polling started
Mar 12 14:24:57  upsdaemon: Polling started
Mar 12 14:25:22  upsdaemon: UPSOuputOff added
Mar 12 14:25:22  upsdaemon: UPSSystemOFF added
Mar 12 14:40:21  upsdaemon: UPSSystemOFF removed
Mar 12 14:40:24  upsdaemon: UPSOuputOff removed
Mar 12 19:24:26  upsdaemon: TestInProgress added
Mar 12 19:24:34  upsdaemon: TestCompleted
Mar 12 21:52:24  upsdaemon: UPSOuputOff added
Mar 12 21:52:24  upsdaemon: UPSSystemOFF added
Mar 13 12:34:51  upsdaemon: UPSSystemOFF removed
Mar 13 12:34:59  upsdaemon: UPSOuputOff removed
Mar 13 17:24:05  upsdaemon: TestInProgress added
Mar 13 17:24:14  upsdaemon: TestCompleted
Mar 13 18:31:19  upsdaemon: OnBattery added
Mar 13 18:31:24  upsdaemon: InputBad added
Mar 13 18:32:52  upsdaemon: InputBad removed
Mar 13 18:33:00  upsdaemon: OnBattery removed
Mar 13 18:41:22  upsdaemon: OnBattery added
Mar 13 18:41:27  upsdaemon: InputBad added
Mar 13 18:45:35  upsdaemon: InputBad removed
Mar 13 18:45:41  upsdaemon: OnBattery removed
Mar 13 18:54:51  upsdaemon: OnBattery added
Mar 13 18:54:56  upsdaemon: InputBad added
Mar 13 18:56:59  upsdaemon: InputBad removed
Mar 13 18:57:05  upsdaemon: OnBattery removed
Mar 13 19:12:25  upsdaemon: OnBattery added
Mar 13 19:12:36  upsdaemon: OnBattery removed
Mar 13 19:42:08  upsdaemon: OnBattery added
Mar 13 19:42:13  upsdaemon: InputBad added
Mar 13 19:44:41  upsdaemon: InputBad removed
Mar 13 19:44:49  upsdaemon: OnBattery removed
Mar 13 19:50:10  upsdaemon: OnBattery added
Mar 13 19:50:15  upsdaemon: InputBad added
Mar 13 19:52:55  upsdaemon: InputBad removed
Mar 13 19:53:01  upsdaemon: OnBattery removed
Mar 14 00:23:58  upsdaemon: TestInProgress added
Mar 14 00:24:07  upsdaemon: TestCompleted
Mar 14 12:45:27  upsdaemon: OnBattery added
Mar 14 12:45:42  upsdaemon: OnBattery removed
Mar 14 17:23:42  upsdaemon: TestInProgress added
Mar 14 17:23:51  upsdaemon: TestCompleted
Mar 15 17:59:34  upsdaemon: OnBattery added
Mar 15 17:59:46  upsdaemon: OnBattery removed
Mar 15 14:09:13  upsdaemon: OnBattery added
Mar 15 14:09:25  upsdaemon: OnBattery removed
Mar 15 17:49:58  upsdaemon: UPSOuputOff added
Mar 15 17:49:58  upsdaemon: UPSSystemOFF added
Mar 18 08:10:31  upsdaemon: UPSSystemOFF removed
Mar 18 08:10:39  upsdaemon: UPSOuputOff removed
Mar 18 11:00:01  upsdaemon: OnBattery added
Mar 18 11:00:06  upsdaemon: InputBad added
Mar 18 11:00:34  upsdaemon: InputBad removed
Mar 18 11:00:40  upsdaemon: OnBattery removed
Mar 18 15:22:10  upsdaemon: TestInProgress added
Mar 18 15:22:19  upsdaemon: TestCompleted
Mar 19 09:50:50  upsdaemon: OnBattery added
Mar 19 09:50:55  upsdaemon: InputBad added
Mar 19 09:51:01  upsdaemon: InputBad removed
Mar 19 09:51:08  upsdaemon: OnBattery removed
Mar 19 11:40:24  upsdaemon: OnBattery added
Mar 19 11:40:29  upsdaemon: InputBad added
Mar 19 11:41:32  upsdaemon: InputBad removed
Mar 19 11:41:38  upsdaemon: OnBattery removed
Mar 19 14:39:41  upsdaemon: OnBattery added
Mar 19 14:39:54  upsdaemon: OnBattery removed
Mar 19 19:21:44  upsdaemon: TestInProgress added
Mar 19 19:21:52  upsdaemon: TestCompleted
Mar 20 09:32:49  upsdaemon: OnBattery added
Mar 20 09:32:54  upsdaemon: InputBad added
Mar 20 09:33:09  upsdaemon: InputBad removed
Mar 20 09:33:15  upsdaemon: OnBattery removed
Mar 20 09:33:42  upsdaemon: OnBattery added
Mar 20 09:33:47  upsdaemon: InputBad added
Mar 20 09:34:17  upsdaemon: InputBad removed
Mar 20 09:34:23  upsdaemon: OnBattery removed
Mar 20 10:20:39  upsdaemon: OnBattery added
Mar 20 10:20:44  upsdaemon: InputBad added
Mar 20 10:20:55  upsdaemon: InputBad removed
Mar 20 10:21:02  upsdaemon: OnBattery removed
Mar 20 14:10:37  upsdaemon: BypassBad added
Mar 20 14:11:11  upsdaemon: BypassBad removed
Mar 20 14:21:27  upsdaemon: TestInProgress added
Mar 20 14:21:35  upsdaemon: TestCompleted
Mar 20 14:34:25  upsdaemon: OnBattery added
Mar 20 14:34:31  upsdaemon: InputBad added
Mar 20 14:34:43  upsdaemon: InputBad removed
Mar 20 14:34:50  upsdaemon: OnBattery removed
Mar 20 14:58:20  upsdaemon: OnBattery added
Mar 20 14:58:25  upsdaemon: InputBad added
Mar 20 14:58:38  upsdaemon: InputBad removed
Mar 20 14:58:44  upsdaemon: OnBattery removed
Mar 20 15:51:16  upsdaemon: OnBattery added
Mar 20 15:51:21  upsdaemon: InputBad added
Mar 20 15:52:47  upsdaemon: InputBad removed
Mar 20 15:52:54  upsdaemon: OnBattery removed
Mar 20 16:15:20  upsdaemon: OnBattery added
Mar 20 16:15:25  upsdaemon: InputBad added
Mar 20 16:15:32  upsdaemon: InputBad removed
Mar 20 16:15:39  upsdaemon: OnBattery removed
Mar 20 20:38:22  upsdaemon: TestInProgress added
Mar 20 20:38:30  upsdaemon: TestCompleted
Mar 21 09:18:21  upsdaemon: OnBattery added
Mar 21 09:18:26  upsdaemon: InputBad added
Mar 21 09:18:35  upsdaemon: InputBad removed
Mar 21 09:18:42  upsdaemon: OnBattery removed
Mar 21 09:20:30  upsdaemon: OnBattery added
Mar 21 09:20:35  upsdaemon: InputBad added
Mar 21 09:20:42  upsdaemon: InputBad removed
Mar 21 09:20:50  upsdaemon: OnBattery removed
Mar 21 09:30:34  upsdaemon: OnBattery added
Mar 21 09:30:39  upsdaemon: InputBad added
Mar 21 09:31:11  upsdaemon: InputBad removed
Mar 21 09:31:19  upsdaemon: OnBattery removed
Mar 21 09:38:31  upsdaemon: OnBattery added
Mar 21 09:38:36  upsdaemon: InputBad added
Mar 21 09:40:12  upsdaemon: InputBad removed
Mar 21 09:40:19  upsdaemon: OnBattery removed
Mar 21 10:19:41  upsdaemon: OnBattery added
Mar 21 10:19:46  upsdaemon: InputBad added
Mar 21 10:22:14  upsdaemon: InputBad removed
Mar 21 10:22:21  upsdaemon: OnBattery removed
Mar 21 11:11:57  upsdaemon: OnBattery added
Mar 21 11:12:02  upsdaemon: InputBad added
Mar 21 11:13:08  upsdaemon: InputBad removed
Mar 21 11:13:14  upsdaemon: OnBattery removed
Mar 21 11:21:34  upsdaemon: OnBattery added
Mar 21 11:21:39  upsdaemon: InputBad added
Mar 21 11:23:11  upsdaemon: InputBad removed
Mar 21 11:23:17  upsdaemon: OnBattery removed
Mar 21 15:38:04  upsdaemon: TestInProgress added
Mar 21 15:38:12  upsdaemon: TestCompleted
Mar 21 16:19:54  upsdaemon: OnBattery added
Mar 21 16:19:59  upsdaemon: InputBad added
Mar 21 16:30:42  upsdaemon: InputBad removed
Mar 21 16:30:50  upsdaemon: OnBattery removed
Mar 21 20:37:59  upsdaemon: TestInProgress added
Mar 21 20:38:07  upsdaemon: TestCompleted
Mar 22 11:50:08  upsdaemon: OnBattery added
Mar 22 11:50:13  upsdaemon: InputBad added
Mar 22 11:57:49  upsdaemon: InputBad removed
Mar 22 11:57:56  upsdaemon: OnBattery removed
Mar 22 15:11:01  upsdaemon: OnBattery added
Mar 22 15:11:06  upsdaemon: InputBad added
Mar 22 15:20:09  upsdaemon: InputBad removed
Mar 22 15:20:16  upsdaemon: OnBattery removed
Mar 22 15:21:14  upsdaemon: UPSOuputOff added
Mar 22 15:21:14  upsdaemon: UPSSystemOFF added
Mar 22 15:22:54  upsdaemon: UPSSystemOFF removed
Mar 22 15:22:56  upsdaemon: UPSOuputOff removed
Mar 22 15:31:07  upsdaemon: OnBattery added
Mar 22 15:31:12  upsdaemon: InputBad added
Mar 22 15:37:07  upsdaemon: InputBad removed
Mar 22 15:37:14  upsdaemon: OnBattery removed
Mar 22 19:37:37  upsdaemon: TestInProgress added
Mar 22 19:37:46  upsdaemon: TestCompleted
Mar 25 09:05:50  upsdaemon: OnBattery added
Mar 25 09:05:55  upsdaemon: InputBad added
Mar 25 09:32:22  upsdaemon: OnBattery removed
Mar 25 09:32:22  upsdaemon: InputBad removed
Mar 25 09:32:22  upsdaemon: UPSOuputOff added
Mar 25 09:32:22  upsdaemon: UPSSystemOFF added
Mar 25 13:38:03  upsdaemon: Polling started
Mar 25 13:38:28  upsdaemon: UPSOuputOff added
Mar 25 13:38:28  upsdaemon: UPSSystemOFF added
Mar 25 13:43:16  upsdaemon: UPSSystemOFF removed
Mar 25 13:43:18  upsdaemon: UPSOuputOff removed
Mar 25 18:37:32  upsdaemon: TestInProgress added
Mar 25 18:37:40  upsdaemon: TestCompleted
Mar 25 20:09:51  upsdaemon: Polling started
Mar 25 20:29:55  upsdaemon: OnBattery added
Mar 25 20:30:00  upsdaemon: InputBad added
Mar 25 20:31:15  upsdaemon: InputBad removed
Mar 25 20:31:21  upsdaemon: OnBattery removed
Mar 25 16:36:31  upsdaemon: OnBattery added
Mar 25 16:36:36  upsdaemon: InputBad added
Mar 25 16:38:55  upsdaemon: InputBad removed
Mar 25 16:39:01  upsdaemon: OnBattery removed
Mar 25 21:37:24  upsdaemon: TestInProgress added
Mar 25 21:37:34  upsdaemon: TestCompleted
Mar 27 14:55:10  upsdaemon: OnBattery added
Mar 27 14:55:15  upsdaemon: InputBad added
Mar 27 14:55:28  upsdaemon: InputBad removed
Mar 27 14:55:34  upsdaemon: OnBattery removed
Mar 27 15:12:42  upsdaemon: OnBattery added
Mar 27 15:12:47  upsdaemon: InputBad added
Mar 27 15:12:57  upsdaemon: InputBad removed
Mar 27 15:13:04  upsdaemon: OnBattery removed
Mar 27 16:32:55  upsdaemon: OnBattery added
Mar 27 16:33:00  upsdaemon: InputBad added
Mar 27 16:33:54  upsdaemon: InputBad removed
Mar 27 16:34:00  upsdaemon: OnBattery removed
Mar 27 20:36:40  upsdaemon: TestInProgress added
Mar 27 20:36:49  upsdaemon: TestCompleted
Mar 28 14:10:59  upsdaemon: OnBattery added
Mar 28 14:11:05  upsdaemon: InputBad added
Mar 28 14:11:18  upsdaemon: InputBad removed
Mar 28 14:11:26  upsdaemon: OnBattery removed
Mar 28 14:12:32  upsdaemon: OnBattery added
Mar 28 14:12:37  upsdaemon: InputBad added
Mar 28 14:12:49  upsdaemon: InputBad removed
Mar 28 14:12:57  upsdaemon: OnBattery removed
Mar 28 14:21:45  upsdaemon: OnBattery added
Mar 28 14:21:50  upsdaemon: InputBad added
Mar 28 14:22:27  upsdaemon: InputBad removed
Mar 28 14:22:34  upsdaemon: OnBattery removed
Mar 28 14:34:09  upsdaemon: OnBattery added
Mar 28 14:34:14  upsdaemon: InputBad added
Mar 28 14:34:22  upsdaemon: InputBad removed
Mar 28 14:34:29  upsdaemon: OnBattery removed
Mar 28 16:00:56  upsdaemon: OnBattery added
Mar 28 16:01:01  upsdaemon: InputBad added
Mar 28 16:03:12  upsdaemon: InputBad removed
Mar 28 16:03:19  upsdaemon: OnBattery removed
Mar 28 16:12:42  upsdaemon: OnBattery added
Mar 28 16:12:47  upsdaemon: InputBad added
Mar 28 16:15:02  upsdaemon: InputBad removed
Mar 28 16:15:09  upsdaemon: OnBattery removed
Mar 28 16:20:02  upsdaemon: OnBattery added
Mar 28 16:20:07  upsdaemon: InputBad added
Mar 28 16:24:35  upsdaemon: InputBad removed
Mar 28 16:24:42  upsdaemon: OnBattery removed
Mar 28 16:27:57  upsdaemon: OnBattery added
Mar 28 16:28:02  upsdaemon: InputBad added
Mar 28 16:28:34  upsdaemon: InputBad removed
Mar 28 16:28:42  upsdaemon: OnBattery removed
Mar 28 16:30:04  upsdaemon: OnBattery added
Mar 28 16:30:09  upsdaemon: InputBad added
Mar 28 16:31:52  upsdaemon: InputBad removed
Mar 28 16:32:00  upsdaemon: OnBattery removed
Mar 28 20:36:18  upsdaemon: TestInProgress added
Mar 28 20:36:26  upsdaemon: TestCompleted
Apr  3 11:50:05  upsdaemon: OnBattery added
Apr  3 11:50:10  upsdaemon: InputBad added
Apr  3 11:51:26  upsdaemon: InputBad removed
Apr  3 11:51:33  upsdaemon: OnBattery removed
Apr  3 16:34:06  upsdaemon: TestInProgress added
Apr  3 16:34:14  upsdaemon: TestCompleted
Apr  4 14:48:27  upsdaemon: OnBattery added
Apr  4 14:48:32  upsdaemon: InputBad added
Apr  4 14:50:43  upsdaemon: InputBad removed
Apr  4 14:50:51  upsdaemon: OnBattery removed
Apr  4 14:55:35  upsdaemon: OnBattery added
Apr  4 14:55:40  upsdaemon: InputBad added
Apr  4 14:56:45  upsdaemon: InputBad removed
Apr  4 14:56:52  upsdaemon: OnBattery removed
Apr  4 14:59:55  upsdaemon: OnBattery added
Apr  4 15:00:00  upsdaemon: InputBad added
Apr  4 15:02:11  upsdaemon: InputBad removed
Apr  4 15:02:18  upsdaemon: OnBattery removed
Apr  4 19:33:40  upsdaemon: TestInProgress added
Apr  4 19:33:49  upsdaemon: TestCompleted
Apr  5 14:30:01  upsdaemon: OnBattery added
Apr  5 14:30:06  upsdaemon: InputBad added
Apr  5 14:32:20  upsdaemon: InputBad removed
Apr  5 14:32:27  upsdaemon: OnBattery removed
Apr  5 14:39:06  upsdaemon: OnBattery added
Apr  5 14:39:11  upsdaemon: InputBad added
Apr  5 14:44:12  upsdaemon: InputBad removed
Apr  5 14:44:19  upsdaemon: OnBattery removed
Apr  5 14:52:57  upsdaemon: OnBattery added
Apr  5 14:53:04  upsdaemon: InputBad added
